<?xml version="1.0" encoding="UTF-8"?>
<!-- Generated by org.testng.reporters.JUnitXMLReporter -->
<testsuite ignored="0" hostname="MORGAN-QA3L" failures="0" tests="5" name="Default test" time="116.568" errors="0" timestamp="2023-08-24T17:19:27 IST">
  <testcase classname="Mobile.automation.Tests.TestCases" name="TC01" time="6.143"/>
  <testcase classname="Mobile.automation.Tests.TestCases" name="TC02" time="15.202"/>
  <testcase classname="Mobile.automation.Tests.TestCases" name="TC03" time="25.379"/>
  <testcase classname="Mobile.automation.Tests.TestCases" name="TC04" time="20.062"/>
  <testcase classname="Mobile.automation.Tests.TestCases" name="TC05" time="9.486"/>
</testsuite> <!-- Default test -->
