<?xml version="1.0" encoding="UTF-8"?>
<testng-results ignored="0" total="5" passed="5" failed="0" skipped="0">
  <reporter-output>
  </reporter-output>
  <suite started-at="2023-08-24T17:17:31 IST" name="Default suite" finished-at="2023-08-24T17:19:27 IST" duration-ms="116568">
    <groups>
    </groups>
    <test started-at="2023-08-24T17:17:31 IST" name="Default test" finished-at="2023-08-24T17:19:27 IST" duration-ms="116568">
      <class name="Mobile.automation.Tests.TestCases">
        <test-method is-config="true" signature="startreport()[pri:0, instance:Mobile.automation.Tests.TestCases@61386958]" started-at="2023-08-24T17:17:31 IST" name="startreport" finished-at="2023-08-24T17:17:31 IST" duration-ms="198" status="PASS">
          <reporter-output>
          </reporter-output>
        </test-method> <!-- startreport -->
        <test-method is-config="true" signature="Setup()[pri:0, instance:Mobile.automation.Tests.TestCases@61386958]" started-at="2023-08-24T17:17:31 IST" name="Setup" finished-at="2023-08-24T17:17:39 IST" duration-ms="7807" status="PASS">
          <reporter-output>
          </reporter-output>
        </test-method> <!-- Setup -->
        <test-method signature="TC01()[pri:0, instance:Mobile.automation.Tests.TestCases@61386958]" started-at="2023-08-24T17:17:39 IST" name="TC01" finished-at="2023-08-24T17:17:45 IST" duration-ms="6143" status="PASS">
          <reporter-output>
          </reporter-output>
        </test-method> <!-- TC01 -->
        <test-method is-config="true" signature="getTestresult(org.testng.ITestResult)[pri:0, instance:Mobile.automation.Tests.TestCases@61386958]" started-at="2023-08-24T17:17:45 IST" name="getTestresult" finished-at="2023-08-24T17:17:45 IST" duration-ms="519" status="PASS">
          <params>
            <param index="0">
              <value>
                <![CDATA[[TestResult name=TC01 status=SUCCESS method=TestCases.TC01()[pri:0, instance:Mobile.automation.Tests.TestCases@61386958] output={null}]]]>
              </value>
            </param>
          </params>
          <reporter-output>
          </reporter-output>
        </test-method> <!-- getTestresult -->
        <test-method is-config="true" signature="Setup()[pri:0, instance:Mobile.automation.Tests.TestCases@61386958]" started-at="2023-08-24T17:17:45 IST" name="Setup" finished-at="2023-08-24T17:17:53 IST" duration-ms="7338" status="PASS">
          <reporter-output>
          </reporter-output>
        </test-method> <!-- Setup -->
        <test-method signature="TC02()[pri:0, instance:Mobile.automation.Tests.TestCases@61386958]" started-at="2023-08-24T17:17:53 IST" name="TC02" finished-at="2023-08-24T17:18:08 IST" duration-ms="15202" status="PASS">
          <reporter-output>
          </reporter-output>
        </test-method> <!-- TC02 -->
        <test-method is-config="true" signature="getTestresult(org.testng.ITestResult)[pri:0, instance:Mobile.automation.Tests.TestCases@61386958]" started-at="2023-08-24T17:18:08 IST" name="getTestresult" finished-at="2023-08-24T17:18:08 IST" duration-ms="449" status="PASS">
          <params>
            <param index="0">
              <value>
                <![CDATA[[TestResult name=TC02 status=SUCCESS method=TestCases.TC02()[pri:0, instance:Mobile.automation.Tests.TestCases@61386958] output={null}]]]>
              </value>
            </param>
          </params>
          <reporter-output>
          </reporter-output>
        </test-method> <!-- getTestresult -->
        <test-method is-config="true" signature="Setup()[pri:0, instance:Mobile.automation.Tests.TestCases@61386958]" started-at="2023-08-24T17:18:08 IST" name="Setup" finished-at="2023-08-24T17:18:16 IST" duration-ms="7493" status="PASS">
          <reporter-output>
          </reporter-output>
        </test-method> <!-- Setup -->
        <test-method signature="TC03()[pri:0, instance:Mobile.automation.Tests.TestCases@61386958]" started-at="2023-08-24T17:18:16 IST" name="TC03" finished-at="2023-08-24T17:18:41 IST" duration-ms="25379" status="PASS">
          <reporter-output>
          </reporter-output>
        </test-method> <!-- TC03 -->
        <test-method is-config="true" signature="getTestresult(org.testng.ITestResult)[pri:0, instance:Mobile.automation.Tests.TestCases@61386958]" started-at="2023-08-24T17:18:41 IST" name="getTestresult" finished-at="2023-08-24T17:18:42 IST" duration-ms="466" status="PASS">
          <params>
            <param index="0">
              <value>
                <![CDATA[[TestResult name=TC03 status=SUCCESS method=TestCases.TC03()[pri:0, instance:Mobile.automation.Tests.TestCases@61386958] output={null}]]]>
              </value>
            </param>
          </params>
          <reporter-output>
          </reporter-output>
        </test-method> <!-- getTestresult -->
        <test-method is-config="true" signature="Setup()[pri:0, instance:Mobile.automation.Tests.TestCases@61386958]" started-at="2023-08-24T17:18:42 IST" name="Setup" finished-at="2023-08-24T17:18:49 IST" duration-ms="7376" status="PASS">
          <reporter-output>
          </reporter-output>
        </test-method> <!-- Setup -->
        <test-method signature="TC04()[pri:0, instance:Mobile.automation.Tests.TestCases@61386958]" started-at="2023-08-24T17:18:49 IST" name="TC04" finished-at="2023-08-24T17:19:09 IST" duration-ms="20062" status="PASS">
          <reporter-output>
          </reporter-output>
        </test-method> <!-- TC04 -->
        <test-method is-config="true" signature="getTestresult(org.testng.ITestResult)[pri:0, instance:Mobile.automation.Tests.TestCases@61386958]" started-at="2023-08-24T17:19:09 IST" name="getTestresult" finished-at="2023-08-24T17:19:10 IST" duration-ms="479" status="PASS">
          <params>
            <param index="0">
              <value>
                <![CDATA[[TestResult name=TC04 status=SUCCESS method=TestCases.TC04()[pri:0, instance:Mobile.automation.Tests.TestCases@61386958] output={null}]]]>
              </value>
            </param>
          </params>
          <reporter-output>
          </reporter-output>
        </test-method> <!-- getTestresult -->
        <test-method is-config="true" signature="Setup()[pri:0, instance:Mobile.automation.Tests.TestCases@61386958]" started-at="2023-08-24T17:19:10 IST" name="Setup" finished-at="2023-08-24T17:19:17 IST" duration-ms="7462" status="PASS">
          <reporter-output>
          </reporter-output>
        </test-method> <!-- Setup -->
        <test-method signature="TC05()[pri:0, instance:Mobile.automation.Tests.TestCases@61386958]" started-at="2023-08-24T17:19:17 IST" name="TC05" finished-at="2023-08-24T17:19:27 IST" duration-ms="9486" status="PASS">
          <reporter-output>
          </reporter-output>
        </test-method> <!-- TC05 -->
        <test-method is-config="true" signature="getTestresult(org.testng.ITestResult)[pri:0, instance:Mobile.automation.Tests.TestCases@61386958]" started-at="2023-08-24T17:19:27 IST" name="getTestresult" finished-at="2023-08-24T17:19:27 IST" duration-ms="420" status="PASS">
          <params>
            <param index="0">
              <value>
                <![CDATA[[TestResult name=TC05 status=SUCCESS method=TestCases.TC05()[pri:0, instance:Mobile.automation.Tests.TestCases@61386958] output={null}]]]>
              </value>
            </param>
          </params>
          <reporter-output>
          </reporter-output>
        </test-method> <!-- getTestresult -->
        <test-method is-config="true" signature="tearDown()[pri:0, instance:Mobile.automation.Tests.TestCases@61386958]" started-at="2023-08-24T17:19:27 IST" name="tearDown" finished-at="2023-08-24T17:19:27 IST" duration-ms="260" status="PASS">
          <reporter-output>
          </reporter-output>
        </test-method> <!-- tearDown -->
      </class> <!-- Mobile.automation.Tests.TestCases -->
    </test> <!-- Default test -->
  </suite> <!-- Default suite -->
</testng-results>
